<?xml version="1.0" encoding="UTF-8"?>
<!-- Generated by org.testng.reporters.JUnitReportReporter -->
<testsuite hostname="Abhishek-kumar" failures="0" tests="1" name="com.qa.cybraindemo.tests.ContactUsPageTest" time="58.660" errors="0" timestamp="2023-11-28T18:07:31 IST" skipped="0">
  <testcase classname="com.qa.cybraindemo.tests.ContactUsPageTest" name="submitContactusForm" time="58.660"/>
</testsuite> <!-- com.qa.cybraindemo.tests.ContactUsPageTest -->
